10:20:45 - URL: /users/, Status Code: 400, Message: Access Denied. User does not have the proper authorization.
10:35:27 - URL: /users/:64fec52f3a902cbfb6d495f0, Status Code: 401, Message: User was not found.
10:40:47 - URL: /users/64fec52f3a902cbfb6d495f0, Status Code: 400, Message: Access Denied. User does not have the proper authorization.
10:40:58 - URL: /users/:64fec52f3a902cbfb6d495f0, Status Code: 400, Message: Access Denied. User does not have the proper authorization.
10:41:05 - URL: /users/:64fec52f3a902cbfb6d495f0, Status Code: 400, Message: Access Denied. User does not have the proper authorization.
10:41:49 - URL: /users/:64fec52f3a902cbfb6d495f0, Status Code: 401, Message: User was not found.
11:12:21 - URL: /users/64fec52f3a902cbfb6d495f0, Status Code: 400, Message: Access Denied. User does not have the proper authorization.
11:13:24 - URL: /users/64fec52f3a902cbfb6d495f0, Status Code: 400, Message: A User with this email already exists.
11:14:04 - URL: /users/64fec52f3a902cbfb6d495f0, Status Code: 400, Message: A User with this email already exists.
11:17:58 - URL: /users/64fec52f3a902cbfb6d495f0, Status Code: 400, Message: A User with this email already exists.
11:19:53 - URL: /users/64fec52f3a902cbfb6d495f0, Status Code: 400, Message: A User with this email already exists.
11:22:39 - URL: /users/64fec52f3a902cbfb6d495f0, Status Code: 400, Message: A User with this email already exists.
11:27:19 - URL: /users/64fec52f3a902cbfb6d495f0, Status Code: 400, Message: A User with this email already exists.
11:29:54 - URL: /users/64fec52f3a902cbfb6d495f0, Status Code: 400, Message: A User with this email already exists.
11:35:02 - URL: /users/64fec52f3a902cbfb6d495f0, Status Code: 400, Message: A User with this email already exists.
11:36:06 - URL: /users/64fec52f3a902cbfb6d495f0, Status Code: 400, Message: A User with this email already exists.
11:53:05 - URL: /users/login, Status Code: 400, Message: Invalid email or password
11:53:29 - URL: /users, Status Code: 400, Message: User already registered
11:53:53 - URL: /users, Status Code: 400, Message: User already registered
11:54:08 - URL: /users/login, Status Code: 400, Message: Invalid email or password
11:54:35 - URL: /users/login, Status Code: 400, Message: Invalid email or password
11:56:59 - URL: /users, Status Code: 400, Message: User already registered
11:58:50 - URL: /users/64fec52f3a902cbfb6d495f0, Status Code: 400, Message: Access Denied. User does not have the proper authorization.
11:59:20 - URL: /users/650027d352f24431c38b675a, Status Code: 400, Message: A User with this email already exists.
12:02:35 - URL: /users/650027d352f24431c38b675a, Status Code: 400, Message: Failed to update user.
12:03:55 - URL: /users/650027d352f24431c38b675a, Status Code: 400, Message: Failed to update user.
12:07:47 - URL: /users/650027d352f24431c38b675a, Status Code: 400, Message: A User with this email already exists.
12:08:51 - URL: /users/650027d352f24431c38b675a, Status Code: 400, Message: A User with this email already exists.
12:09:57 - URL: /users/650027d352f24431c38b675a, Status Code: 400, Message: A User with this email already exists.
12:22:09 - URL: /users/650027d352f24431c38b675a, Status Code: 400, Message: A User with this email already exists.
12:22:44 - URL: /users/650027d352f24431c38b675a, Status Code: 400, Message: "isAdmin" is not allowed
12:35:02 - URL: /users/650027d352f24431c38b675a, Status Code: 400, Message: "name" is required
12:36:15 - URL: /users/650027d352f24431c38b675a, Status Code: 400, Message: The input must contain 'isBusiness' property and nothing else.
12:36:32 - URL: /users/650027d352f24431c38b675a, Status Code: 400, Message: 'isBusiness' must contain a Boolean value (true/false).
12:45:00 - URL: /users/650027d352f24431c38b675a, Status Code: 400, Message: Failed to delete user.
12:49:20 - URL: /users/6500335750dc624f831e7693, Status Code: 400, Message: Access Denied. User does not have the proper authorization.
12:52:14 - URL: /cards, Status Code: 400, Message: Access Denied. User does not have the proper authorization.
13:02:23 - URL: /hello, Status Code: 404, Message: 404: Page not found.
13:03:35 - URL: /users/ben, Status Code: 401, Message: Access Denied. No token provided
13:03:51 - URL: /users/ben/bar, Status Code: 404, Message: 404: Page not found.
13:04:03 - URL: /users/hello.html, Status Code: 401, Message: Access Denied. No token provided
13:04:46 - URL: /users/user1/user2, Status Code: 404, Message: 404: Page not found.
13:05:16 - URL: /, Status Code: 404, Message: 404: Page not found.
13:05:26 - URL: /error, Status Code: 404, Message: 404: Page not found.
13:06:07 - URL: /cards/card1/card2, Status Code: 404, Message: 404: Page not found.
13:18:31 - URL: /cards/my-cards, Status Code: 400, Message: Access Denied. User does not have the proper authorization.
13:28:10 - URL: /cards/my-cards, Status Code: 400, Message: Access Denied. User does not have the proper authorization.
13:31:53 - URL: /650034eb34069ea31624b9fe, Status Code: 404, Message: 404: Page not found.
13:33:37 - URL: /cards, Status Code: 400, Message: Access Denied. User does not have the proper authorization.
13:34:16 - URL: /cards, Status Code: 401, Message: Access Denied. No token provided
13:53:09 - URL: /cards/65003ea26bda695cd8a3abea, Status Code: 401, Message: Card Update Failed. A Card with that ID was not found or you are not it's owner.
13:53:24 - URL: /cards/65003ea26bda695cd8a3abea, Status Code: 401, Message: Card Update Failed. A Card with that ID was not found or you are not it's owner.
13:53:33 - URL: /cards/65003ea26bda695cd8a3abea, Status Code: 401, Message: Card Update Failed. A Card with that ID was not found or you are not it's owner.
13:54:56 - URL: /cards/650034eb34069ea31624ba04, Status Code: 401, Message: Card Update Failed. A Card with that ID was not found or you are not it's owner.
13:55:05 - URL: /cards/650034eb34069ea31624ba04, Status Code: 401, Message: Card Update Failed. A Card with that ID was not found or you are not it's owner.
13:57:24 - URL: /cards/650034eb34069ea31624ba04, Status Code: 401, Message: Card Update Failed. A Card with that ID was not found or you are not it's owner.
14:23:30 - URL: /cards/650034eb34069ea31624ba04, Status Code: 400, Message: Access Denied. User does not have the proper authorization.
14:38:32 - URL: /cards/650034eb34069ea31624ba04, Status Code: 400, Message: You already liked this card.
14:40:09 - URL: /cards/650034eb34069ea31624ba04, Status Code: 400, Message: You already liked this card.
14:46:11 - URL: /cards/650034eb34069ea31624ba04, Status Code: 401, Message: Card Operation Failed. A Card with that ID was not found or you are not it's owner.
14:46:26 - URL: /cards/650034eb34069ea31624ba04, Status Code: 401, Message: Card Operation Failed. A Card with that ID was not found or you are not it's owner.
14:46:39 - URL: /cards/650034eb34069ea31624ba04, Status Code: 401, Message: Card Operation Failed. A Card with that ID was not found or you are not it's owner.
14:47:25 - URL: /cards/65004fae6fe39b0e98646bf0, Status Code: 401, Message: Card Operation Failed. A Card with that ID was not found or you are not it's owner.
14:47:34 - URL: /cards/65004fae6fe39b0e98646bf0, Status Code: 401, Message: Card Operation Failed. A Card with that ID was not found or you are not it's owner.
14:51:25 - URL: /cards/65004fff6fe39b0e98646bf7, Status Code: 401, Message: Card Operation Failed. A Card with that ID was not found or you are not it's owner.
14:59:13 - URL: /bizNum/650034eb34069ea31624b9fe, Status Code: 404, Message: 404: Page not found.
14:59:39 - URL: /cards/bizNum/650034eb34069ea31624b9fe, Status Code: 400, Message: Access Denied. User does not have the proper authorization.
14:59:44 - URL: /cards/bizNum/650034eb34069ea31624b9fe, Status Code: 400, Message: Access Denied. User does not have the proper authorization.
