12:24:45 - URL: /, Status Code: 500, Message: Internal Server Error
12:25:16 - URL: /favicon.ico, Status Code: 404, Message: 404: Page not found.
12:45:50 - URL: /success, Status Code: 404, Message: 404: Page not found.
12:46:41 - URL: /auth/google/auth/success, Status Code: 404, Message: 404: Page not found.
12:47:19 - URL: /auth/google/auth/success, Status Code: 404, Message: 404: Page not found.
12:47:33 - URL: /auth/google/auth/success, Status Code: 404, Message: 404: Page not found.
12:48:47 - URL: /auth/google/success, Status Code: 404, Message: 404: Page not found.
12:49:13 - URL: /auth/google/success, Status Code: 404, Message: 404: Page not found.
12:50:14 - URL: /auth/google/success, Status Code: 404, Message: 404: Page not found.
12:50:36 - URL: /auth/google/success, Status Code: 404, Message: 404: Page not found.
12:52:30 - URL: /auth/google/success, Status Code: 404, Message: 404: Page not found.
12:52:37 - URL: /auth/success, Status Code: 404, Message: 404: Page not found.
12:53:25 - URL: /auth/success, Status Code: 404, Message: 404: Page not found.
12:53:26 - URL: /auth/success, Status Code: 404, Message: 404: Page not found.
12:56:04 - URL: /success, Status Code: 404, Message: 404: Page not found.
12:56:51 - URL: /auth/google/auth/success, Status Code: 404, Message: 404: Page not found.
12:57:15 - URL: /auth/google/auth/success, Status Code: 404, Message: 404: Page not found.
12:57:52 - URL: /auth/google/success, Status Code: 404, Message: 404: Page not found.
12:58:35 - URL: /auth/google/success, Status Code: 404, Message: 404: Page not found.
13:01:23 - URL: /auth/google/success, Status Code: 404, Message: 404: Page not found.
13:01:29 - URL: /auth/google/success, Status Code: 404, Message: 404: Page not found.
13:05:34 - URL: /auth/google/success, Status Code: 404, Message: 404: Page not found.
13:25:15 - URL: /auth/google/success, Status Code: 500, Message: Internal Server Error
13:26:49 - URL: /auth/google/success, Status Code: 500, Message: Internal Server Error
13:27:58 - URL: /auth/google/success, Status Code: 500, Message: Internal Server Error
13:28:35 - URL: /auth/google/success, Status Code: 500, Message: Internal Server Error
13:30:19 - URL: /auth/google/success, Status Code: 500, Message: Internal Server Error
13:54:13 - URL: /auth/google/success, Status Code: 500, Message: Internal Server Error
